<?xml version="1.0" encoding="UTF-8"?>
<testng-results skipped="0" failed="0" ignored="0" total="2" passed="2">
  <reporter-output>
  </reporter-output>
  <suite name="Suite" duration-ms="49705" started-at="2019-07-14T12:13:29Z" finished-at="2019-07-14T12:14:19Z">
    <groups>
    </groups>
    <test name="Test" duration-ms="49705" started-at="2019-07-14T12:13:29Z" finished-at="2019-07-14T12:14:19Z">
      <class name="tests.TC001_CreateLead">
        <test-method status="PASS" signature="setData()[pri:0, instance:tests.TC001_CreateLead@239963d8]" name="setData" is-config="true" duration-ms="15" started-at="2019-07-14T12:13:29Z" finished-at="2019-07-14T12:13:29Z">
          <reporter-output>
          </reporter-output>
        </test-method> <!-- setData -->
        <test-method status="PASS" signature="login(java.lang.String, java.lang.String, java.lang.String)[pri:0, instance:tests.TC001_CreateLead@239963d8]" name="login" is-config="true" duration-ms="10690" started-at="2019-07-14T12:13:30Z" finished-at="2019-07-14T12:13:41Z">
          <params>
            <param index="0">
              <value>
                <![CDATA[http://leaftaps.com/opentaps/]]>
              </value>
            </param>
            <param index="1">
              <value>
                <![CDATA[DemoSalesManager]]>
              </value>
            </param>
            <param index="2">
              <value>
                <![CDATA[crmsfa]]>
              </value>
            </param>
          </params>
          <reporter-output>
          </reporter-output>
        </test-method> <!-- login -->
        <test-method status="PASS" signature="createLeadTest(java.lang.String, java.lang.String, java.lang.String)[pri:0, instance:tests.TC001_CreateLead@239963d8]" name="createLeadTest" duration-ms="20876" started-at="2019-07-14T12:13:41Z" data-provider="fetchData" finished-at="2019-07-14T12:14:02Z">
          <params>
            <param index="0">
              <value>
                <![CDATA[TestLeaf]]>
              </value>
            </param>
            <param index="1">
              <value>
                <![CDATA[Babu]]>
              </value>
            </param>
            <param index="2">
              <value>
                <![CDATA[M]]>
              </value>
            </param>
          </params>
          <reporter-output>
          </reporter-output>
        </test-method> <!-- createLeadTest -->
        <test-method status="PASS" signature="closeBrowser()[pri:0, instance:tests.TC001_CreateLead@239963d8]" name="closeBrowser" is-config="true" duration-ms="2342" started-at="2019-07-14T12:14:02Z" finished-at="2019-07-14T12:14:04Z">
          <reporter-output>
          </reporter-output>
        </test-method> <!-- closeBrowser -->
        <test-method status="PASS" signature="login(java.lang.String, java.lang.String, java.lang.String)[pri:0, instance:tests.TC001_CreateLead@239963d8]" name="login" is-config="true" duration-ms="8705" started-at="2019-07-14T12:14:04Z" finished-at="2019-07-14T12:14:13Z">
          <params>
            <param index="0">
              <value>
                <![CDATA[http://leaftaps.com/opentaps/]]>
              </value>
            </param>
            <param index="1">
              <value>
                <![CDATA[DemoSalesManager]]>
              </value>
            </param>
            <param index="2">
              <value>
                <![CDATA[crmsfa]]>
              </value>
            </param>
          </params>
          <reporter-output>
          </reporter-output>
        </test-method> <!-- login -->
        <test-method status="PASS" signature="createLeadTest(java.lang.String, java.lang.String, java.lang.String)[pri:0, instance:tests.TC001_CreateLead@239963d8]" name="createLeadTest" duration-ms="6119" started-at="2019-07-14T12:14:13Z" data-provider="fetchData" finished-at="2019-07-14T12:14:19Z">
          <params>
            <param index="0">
              <value>
                <![CDATA[TestLeaf]]>
              </value>
            </param>
            <param index="1">
              <value>
                <![CDATA[Sharath]]>
              </value>
            </param>
            <param index="2">
              <value>
                <![CDATA[M]]>
              </value>
            </param>
          </params>
          <reporter-output>
          </reporter-output>
        </test-method> <!-- createLeadTest -->
        <test-method status="PASS" signature="closeBrowser()[pri:0, instance:tests.TC001_CreateLead@239963d8]" name="closeBrowser" is-config="true" duration-ms="200" started-at="2019-07-14T12:14:19Z" finished-at="2019-07-14T12:14:19Z">
          <reporter-output>
          </reporter-output>
        </test-method> <!-- closeBrowser -->
      </class> <!-- tests.TC001_CreateLead -->
    </test> <!-- Test -->
  </suite> <!-- Suite -->
</testng-results>
